/Users/omarcruz/Documents/zigbee2mqtt-statuscheck/venv/lib/python3.9/site-packages/urllib3/__init__.py:35: NotOpenSSLWarning: urllib3 v2 only supports OpenSSL 1.1.1+, currently the 'ssl' module is compiled with 'LibreSSL 2.8.3'. See: https://github.com/urllib3/urllib3/issues/3020
  warnings.warn(
Connected to MQTT Broker!
Subscribed to all device topics

Step 0: Checking device state...

The device is not being used. Proceeding with test

Step 1: Sending ON command...

Step 2: Checking device state...

❌ Test FAILED: Device did not turn ON!
Notification sent successfully!
/Users/omarcruz/Documents/zigbee2mqtt-statuscheck/venv/lib/python3.9/site-packages/urllib3/__init__.py:35: NotOpenSSLWarning: urllib3 v2 only supports OpenSSL 1.1.1+, currently the 'ssl' module is compiled with 'LibreSSL 2.8.3'. See: https://github.com/urllib3/urllib3/issues/3020
  warnings.warn(
Connected to MQTT Broker!
Subscribed to all device topics

Step 0: Checking device state...

The device is not being used. Proceeding with test

Step 1: Sending ON command...

Step 2: Checking device state...

❌ Test FAILED: Device did not turn ON!
Notification sent successfully!
/Users/omarcruz/Documents/zigbee2mqtt-statuscheck/venv/lib/python3.9/site-packages/urllib3/__init__.py:35: NotOpenSSLWarning: urllib3 v2 only supports OpenSSL 1.1.1+, currently the 'ssl' module is compiled with 'LibreSSL 2.8.3'. See: https://github.com/urllib3/urllib3/issues/3020
  warnings.warn(
Connected to MQTT Broker!
Subscribed to all device topics

Step 0: Checking device state...

The device is not being used. Proceeding with test

Step 1: Sending ON command...

Step 2: Checking device state...

❌ Test FAILED: Device did not turn ON!
Notification sent successfully!
/Users/omarcruz/Documents/zigbee2mqtt-statuscheck/venv/lib/python3.9/site-packages/urllib3/__init__.py:35: NotOpenSSLWarning: urllib3 v2 only supports OpenSSL 1.1.1+, currently the 'ssl' module is compiled with 'LibreSSL 2.8.3'. See: https://github.com/urllib3/urllib3/issues/3020
  warnings.warn(
Connected to MQTT Broker!
Subscribed to all device topics

Step 0: Checking device state...

The device is not being used. Proceeding with test

Step 1: Sending ON command...

Step 2: Checking device state...

❌ Test FAILED: Device did not turn ON!
Notification sent successfully!
/Users/omarcruz/Documents/zigbee2mqtt-statuscheck/venv/lib/python3.9/site-packages/urllib3/__init__.py:35: NotOpenSSLWarning: urllib3 v2 only supports OpenSSL 1.1.1+, currently the 'ssl' module is compiled with 'LibreSSL 2.8.3'. See: https://github.com/urllib3/urllib3/issues/3020
  warnings.warn(
Connected to MQTT Broker!
Subscribed to all device topics

Step 0: Checking device state...

The device is not being used. Proceeding with test

Step 1: Sending ON command...

Step 2: Checking device state...

❌ Test FAILED: Device did not turn ON!
Notification sent successfully!
/Users/omarcruz/Documents/zigbee2mqtt-statuscheck/venv/lib/python3.9/site-packages/urllib3/__init__.py:35: NotOpenSSLWarning: urllib3 v2 only supports OpenSSL 1.1.1+, currently the 'ssl' module is compiled with 'LibreSSL 2.8.3'. See: https://github.com/urllib3/urllib3/issues/3020
  warnings.warn(
Connected to MQTT Broker!
Subscribed to all device topics

Step 0: Checking device state...

The device is not being used. Proceeding with test

Step 1: Sending ON command...

Step 2: Checking device state...

❌ Test FAILED: Device did not turn ON!
Notification sent successfully!
/Users/omarcruz/Documents/zigbee2mqtt-statuscheck/venv/lib/python3.9/site-packages/urllib3/__init__.py:35: NotOpenSSLWarning: urllib3 v2 only supports OpenSSL 1.1.1+, currently the 'ssl' module is compiled with 'LibreSSL 2.8.3'. See: https://github.com/urllib3/urllib3/issues/3020
  warnings.warn(
Connected to MQTT Broker!
Subscribed to all device topics

Step 0: Checking device state...

The device is not being used. Proceeding with test

Step 1: Sending ON command...

Step 2: Checking device state...

✅ Test SUCCESSFUL: Device turned ON as expected!

Turning OFF the device and finishing test
/Users/omarcruz/Documents/zigbee2mqtt-statuscheck/venv/lib/python3.9/site-packages/urllib3/__init__.py:35: NotOpenSSLWarning: urllib3 v2 only supports OpenSSL 1.1.1+, currently the 'ssl' module is compiled with 'LibreSSL 2.8.3'. See: https://github.com/urllib3/urllib3/issues/3020
  warnings.warn(
Connected to MQTT Broker!
Subscribed to all device topics

Step 0: Checking device state...

The device is not being used. Proceeding with test

Step 1: Sending ON command...

Step 2: Checking device state...

✅ Test SUCCESSFUL: Device turned ON as expected!

Turning OFF the device and finishing test
/Users/omarcruz/Documents/zigbee2mqtt-statuscheck/venv/lib/python3.9/site-packages/urllib3/__init__.py:35: NotOpenSSLWarning: urllib3 v2 only supports OpenSSL 1.1.1+, currently the 'ssl' module is compiled with 'LibreSSL 2.8.3'. See: https://github.com/urllib3/urllib3/issues/3020
  warnings.warn(
Connected to MQTT Broker!
Subscribed to all device topics

Step 0: Checking device state...

The device is being used now, the test is not possible
/Users/omarcruz/Documents/zigbee2mqtt-statuscheck/venv/lib/python3.9/site-packages/urllib3/__init__.py:35: NotOpenSSLWarning: urllib3 v2 only supports OpenSSL 1.1.1+, currently the 'ssl' module is compiled with 'LibreSSL 2.8.3'. See: https://github.com/urllib3/urllib3/issues/3020
  warnings.warn(
Connected to MQTT Broker!
Subscribed to all device topics

Step 0: Checking device state...

The device is being used now, the test is not possible
/Users/omarcruz/Documents/zigbee2mqtt-statuscheck/venv/lib/python3.9/site-packages/urllib3/__init__.py:35: NotOpenSSLWarning: urllib3 v2 only supports OpenSSL 1.1.1+, currently the 'ssl' module is compiled with 'LibreSSL 2.8.3'. See: https://github.com/urllib3/urllib3/issues/3020
  warnings.warn(
Connected to MQTT Broker!
Subscribed to all device topics

Step 0: Checking device state...

The device is being used now, the test is not possible
/Users/omarcruz/Documents/zigbee2mqtt-statuscheck/venv/lib/python3.9/site-packages/urllib3/__init__.py:35: NotOpenSSLWarning: urllib3 v2 only supports OpenSSL 1.1.1+, currently the 'ssl' module is compiled with 'LibreSSL 2.8.3'. See: https://github.com/urllib3/urllib3/issues/3020
  warnings.warn(
Error: timed out
/Users/omarcruz/Documents/zigbee2mqtt-statuscheck/venv/lib/python3.9/site-packages/urllib3/__init__.py:35: NotOpenSSLWarning: urllib3 v2 only supports OpenSSL 1.1.1+, currently the 'ssl' module is compiled with 'LibreSSL 2.8.3'. See: https://github.com/urllib3/urllib3/issues/3020
  warnings.warn(
Error: timed out
/Users/omarcruz/Documents/zigbee2mqtt-statuscheck/venv/lib/python3.9/site-packages/urllib3/__init__.py:35: NotOpenSSLWarning: urllib3 v2 only supports OpenSSL 1.1.1+, currently the 'ssl' module is compiled with 'LibreSSL 2.8.3'. See: https://github.com/urllib3/urllib3/issues/3020
  warnings.warn(
Connected to MQTT Broker!
Subscribed to all device topics

Step 0: Checking device state...

The device is being used now, the test is not possible
/Users/omarcruz/Documents/zigbee2mqtt-statuscheck/venv/lib/python3.9/site-packages/urllib3/__init__.py:35: NotOpenSSLWarning: urllib3 v2 only supports OpenSSL 1.1.1+, currently the 'ssl' module is compiled with 'LibreSSL 2.8.3'. See: https://github.com/urllib3/urllib3/issues/3020
  warnings.warn(
Connected to MQTT Broker!
Subscribed to all device topics

Step 0: Checking device state...

The device is being used now, the test is not possible
/Users/omarcruz/Documents/zigbee2mqtt-statuscheck/venv/lib/python3.9/site-packages/urllib3/__init__.py:35: NotOpenSSLWarning: urllib3 v2 only supports OpenSSL 1.1.1+, currently the 'ssl' module is compiled with 'LibreSSL 2.8.3'. See: https://github.com/urllib3/urllib3/issues/3020
  warnings.warn(
Connected to MQTT Broker!
Subscribed to all device topics

Step 0: Checking device state...

The device is being used now, the test is not possible
/Users/omarcruz/Documents/zigbee2mqtt-statuscheck/venv/lib/python3.9/site-packages/urllib3/__init__.py:35: NotOpenSSLWarning: urllib3 v2 only supports OpenSSL 1.1.1+, currently the 'ssl' module is compiled with 'LibreSSL 2.8.3'. See: https://github.com/urllib3/urllib3/issues/3020
  warnings.warn(
Connected to MQTT Broker!
Subscribed to all device topics

Step 0: Checking device state...

The device is not being used. Proceeding with test

Step 1: Sending ON command...

Step 2: Checking device state...

✅ Test SUCCESSFUL: Device turned ON as expected!

Turning OFF the device and finishing test
/Users/omarcruz/Documents/zigbee2mqtt-statuscheck/venv/lib/python3.9/site-packages/urllib3/__init__.py:35: NotOpenSSLWarning: urllib3 v2 only supports OpenSSL 1.1.1+, currently the 'ssl' module is compiled with 'LibreSSL 2.8.3'. See: https://github.com/urllib3/urllib3/issues/3020
  warnings.warn(
Connected to MQTT Broker!
Subscribed to all device topics

Step 0: Checking device state...

The device is not being used. Proceeding with test

Step 1: Sending ON command...

Step 2: Checking device state...

✅ Test SUCCESSFUL: Device turned ON as expected!

Turning OFF the device and finishing test
/Users/omarcruz/Documents/zigbee2mqtt-statuscheck/venv/lib/python3.9/site-packages/urllib3/__init__.py:35: NotOpenSSLWarning: urllib3 v2 only supports OpenSSL 1.1.1+, currently the 'ssl' module is compiled with 'LibreSSL 2.8.3'. See: https://github.com/urllib3/urllib3/issues/3020
  warnings.warn(
Connected to MQTT Broker!
Subscribed to all device topics

Step 0: Checking device state...

The device is not being used. Proceeding with test

Step 1: Sending ON command...

Step 2: Checking device state...

✅ Test SUCCESSFUL: Device turned ON as expected!

Turning OFF the device and finishing test
/Users/omarcruz/Documents/zigbee2mqtt-statuscheck/venv/lib/python3.9/site-packages/urllib3/__init__.py:35: NotOpenSSLWarning: urllib3 v2 only supports OpenSSL 1.1.1+, currently the 'ssl' module is compiled with 'LibreSSL 2.8.3'. See: https://github.com/urllib3/urllib3/issues/3020
  warnings.warn(
Connected to MQTT Broker!
Subscribed to all device topics

Step 0: Checking device state...

The device is not being used. Proceeding with test

Step 1: Sending ON command...

Step 2: Checking device state...

❌ Test FAILED: Device did not turn ON!
Notification sent successfully!
/Users/omarcruz/Documents/zigbee2mqtt-statuscheck/venv/lib/python3.9/site-packages/urllib3/__init__.py:35: NotOpenSSLWarning: urllib3 v2 only supports OpenSSL 1.1.1+, currently the 'ssl' module is compiled with 'LibreSSL 2.8.3'. See: https://github.com/urllib3/urllib3/issues/3020
  warnings.warn(
Connected to MQTT Broker!
Subscribed to all device topics

Step 0: Checking device state...

The device is being used now, the test is not possible
/Users/omarcruz/Documents/zigbee2mqtt-statuscheck/venv/lib/python3.9/site-packages/urllib3/__init__.py:35: NotOpenSSLWarning: urllib3 v2 only supports OpenSSL 1.1.1+, currently the 'ssl' module is compiled with 'LibreSSL 2.8.3'. See: https://github.com/urllib3/urllib3/issues/3020
  warnings.warn(
Connected to MQTT Broker!
Subscribed to all device topics

Step 0: Checking device state...

The device is not being used. Proceeding with test

Step 1: Sending ON command...

Step 2: Checking device state...

❌ Test FAILED: Device did not turn ON!
Notification sent successfully!
/Users/omarcruz/Documents/zigbee2mqtt-statuscheck/venv/lib/python3.9/site-packages/urllib3/__init__.py:35: NotOpenSSLWarning: urllib3 v2 only supports OpenSSL 1.1.1+, currently the 'ssl' module is compiled with 'LibreSSL 2.8.3'. See: https://github.com/urllib3/urllib3/issues/3020
  warnings.warn(
Connected to MQTT Broker!
Subscribed to all device topics

Step 0: Checking device state...

The device is not being used. Proceeding with test

Step 1: Sending ON command...

Step 2: Checking device state...

✅ Test SUCCESSFUL: Device turned ON as expected!

Turning OFF the device and finishing test
/Users/omarcruz/Documents/zigbee2mqtt-statuscheck/venv/lib/python3.9/site-packages/urllib3/__init__.py:35: NotOpenSSLWarning: urllib3 v2 only supports OpenSSL 1.1.1+, currently the 'ssl' module is compiled with 'LibreSSL 2.8.3'. See: https://github.com/urllib3/urllib3/issues/3020
  warnings.warn(
Connected to MQTT Broker!
Subscribed to all device topics

Step 0: Checking device state...

The device is not being used. Proceeding with test

Step 1: Sending ON command...

Step 2: Checking device state...

✅ Test SUCCESSFUL: Device turned ON as expected!

Turning OFF the device and finishing test
/Users/omarcruz/Documents/zigbee2mqtt-statuscheck/venv/lib/python3.9/site-packages/urllib3/__init__.py:35: NotOpenSSLWarning: urllib3 v2 only supports OpenSSL 1.1.1+, currently the 'ssl' module is compiled with 'LibreSSL 2.8.3'. See: https://github.com/urllib3/urllib3/issues/3020
  warnings.warn(
Connected to MQTT Broker!
Subscribed to all device topics

Step 0: Checking device state...

The device is not being used. Proceeding with test

Step 1: Sending ON command...

Step 2: Checking device state...

✅ Test SUCCESSFUL: Device turned ON as expected!

Turning OFF the device and finishing test
/Users/omarcruz/Documents/zigbee2mqtt-statuscheck/venv/lib/python3.9/site-packages/urllib3/__init__.py:35: NotOpenSSLWarning: urllib3 v2 only supports OpenSSL 1.1.1+, currently the 'ssl' module is compiled with 'LibreSSL 2.8.3'. See: https://github.com/urllib3/urllib3/issues/3020
  warnings.warn(
Connected to MQTT Broker!
Subscribed to all device topics

Step 0: Checking device state...

The device is being used now, the test is not possible
/Users/omarcruz/Documents/zigbee2mqtt-statuscheck/venv/lib/python3.9/site-packages/urllib3/__init__.py:35: NotOpenSSLWarning: urllib3 v2 only supports OpenSSL 1.1.1+, currently the 'ssl' module is compiled with 'LibreSSL 2.8.3'. See: https://github.com/urllib3/urllib3/issues/3020
  warnings.warn(
Connected to MQTT Broker!
Subscribed to all device topics

Step 0: Checking device state...

The device is not being used. Proceeding with test

Step 1: Sending ON command...

Step 2: Checking device state...

✅ Test SUCCESSFUL: Device turned ON as expected!

Turning OFF the device and finishing test
/Users/omarcruz/Documents/zigbee2mqtt-statuscheck/venv/lib/python3.9/site-packages/urllib3/__init__.py:35: NotOpenSSLWarning: urllib3 v2 only supports OpenSSL 1.1.1+, currently the 'ssl' module is compiled with 'LibreSSL 2.8.3'. See: https://github.com/urllib3/urllib3/issues/3020
  warnings.warn(
Error: timed out
/Users/omarcruz/Documents/zigbee2mqtt-statuscheck/venv/lib/python3.9/site-packages/urllib3/__init__.py:35: NotOpenSSLWarning: urllib3 v2 only supports OpenSSL 1.1.1+, currently the 'ssl' module is compiled with 'LibreSSL 2.8.3'. See: https://github.com/urllib3/urllib3/issues/3020
  warnings.warn(
Error: [Errno 64] Host is down
/Users/omarcruz/Documents/zigbee2mqtt-statuscheck/venv/lib/python3.9/site-packages/urllib3/__init__.py:35: NotOpenSSLWarning: urllib3 v2 only supports OpenSSL 1.1.1+, currently the 'ssl' module is compiled with 'LibreSSL 2.8.3'. See: https://github.com/urllib3/urllib3/issues/3020
  warnings.warn(
Connected to MQTT Broker!
Subscribed to all device topics

Step 0: Checking device state...

The device is not being used. Proceeding with test

Step 1: Sending ON command...

Step 2: Checking device state...

✅ Test SUCCESSFUL: Device turned ON as expected!

Turning OFF the device and finishing test
/Users/omarcruz/Documents/zigbee2mqtt-statuscheck/venv/lib/python3.9/site-packages/urllib3/__init__.py:35: NotOpenSSLWarning: urllib3 v2 only supports OpenSSL 1.1.1+, currently the 'ssl' module is compiled with 'LibreSSL 2.8.3'. See: https://github.com/urllib3/urllib3/issues/3020
  warnings.warn(
Connected to MQTT Broker!
Subscribed to all device topics

Step 0: Checking device state...

The device is not being used. Proceeding with test

Step 1: Sending ON command...

Step 2: Checking device state...

✅ Test SUCCESSFUL: Device turned ON as expected!

Turning OFF the device and finishing test
/Users/omarcruz/Documents/zigbee2mqtt-statuscheck/venv/lib/python3.9/site-packages/urllib3/__init__.py:35: NotOpenSSLWarning: urllib3 v2 only supports OpenSSL 1.1.1+, currently the 'ssl' module is compiled with 'LibreSSL 2.8.3'. See: https://github.com/urllib3/urllib3/issues/3020
  warnings.warn(
Connected to MQTT Broker!
Subscribed to all device topics

Step 0: Checking device state...

The device is not being used. Proceeding with test

Step 1: Sending ON command...

Step 2: Checking device state...

✅ Test SUCCESSFUL: Device turned ON as expected!

Turning OFF the device and finishing test
/Users/omarcruz/Documents/zigbee2mqtt-statuscheck/venv/lib/python3.9/site-packages/urllib3/__init__.py:35: NotOpenSSLWarning: urllib3 v2 only supports OpenSSL 1.1.1+, currently the 'ssl' module is compiled with 'LibreSSL 2.8.3'. See: https://github.com/urllib3/urllib3/issues/3020
  warnings.warn(
Connected to MQTT Broker!
Subscribed to all device topics

Step 0: Checking device state...

The device is being used now, the test is not possible
